yarn run v1.22.21
$ storybook build --output-dir /var/folders/_k/w0fct9d956v8dx8fh_rkn_3w0000gn/T/chromatic--54123-L1Jfe0tzGxJf
@storybook/cli v8.0.2

info => Cleaning outputDir: ../../../../../../var/folders/_k/w0fct9d956v8dx8fh_rkn_3w0000gn/T/chromatic--54123-L1Jfe0tzGxJf
info => Loading presets
info => Building manager..
info => Manager built (97 ms)
info => Building preview..
info Using tsconfig paths for react-docgen
vite v5.2.0 building for production...
transforming...
✓ 3100 modules transformed.
rendering chunks...
computing gzip size...
../../../../../../var/folders/_k/w0fct9d956v8dx8fh_rkn_3w0000gn/T/chromatic--54123-L1Jfe0tzGxJf/assets/dbz_logo-Cy3HeD9D.svg                        4.57 kB │ gzip:   1.62 kB
../../../../../../var/folders/_k/w0fct9d956v8dx8fh_rkn_3w0000gn/T/chromatic--54123-L1Jfe0tzGxJf/assets/context-C0qIqeS4.png                         6.12 kB
../../../../../../var/folders/_k/w0fct9d956v8dx8fh_rkn_3w0000gn/T/chromatic--54123-L1Jfe0tzGxJf/assets/styling-Bk6zjRzU.png                         7.24 kB
../../../../../../var/folders/_k/w0fct9d956v8dx8fh_rkn_3w0000gn/T/chromatic--54123-L1Jfe0tzGxJf/iframe.html                                        13.11 kB │ gzip:   3.63 kB
../../../../../../var/folders/_k/w0fct9d956v8dx8fh_rkn_3w0000gn/T/chromatic--54123-L1Jfe0tzGxJf/assets/pf-v5-pficon-CuZoKQg5.woff2                 17.98 kB
../../../../../../var/folders/_k/w0fct9d956v8dx8fh_rkn_3w0000gn/T/chromatic--54123-L1Jfe0tzGxJf/assets/RedHatMono-Regular-e08YtVYm.woff2           20.95 kB
../../../../../../var/folders/_k/w0fct9d956v8dx8fh_rkn_3w0000gn/T/chromatic--54123-L1Jfe0tzGxJf/assets/RedHatText-Regular-BDARZx4I.woff2           25.84 kB
../../../../../../var/folders/_k/w0fct9d956v8dx8fh_rkn_3w0000gn/T/chromatic--54123-L1Jfe0tzGxJf/assets/RedHatDisplay-Bold-4NfIjmgI.woff2           26.63 kB
../../../../../../var/folders/_k/w0fct9d956v8dx8fh_rkn_3w0000gn/T/chromatic--54123-L1Jfe0tzGxJf/assets/RedHatDisplay-Medium-C1BzJLzv.woff2         26.66 kB
../../../../../../var/folders/_k/w0fct9d956v8dx8fh_rkn_3w0000gn/T/chromatic--54123-L1Jfe0tzGxJf/assets/RedHatText-Medium-CFPgPIaW.woff2            26.88 kB
../../../../../../var/folders/_k/w0fct9d956v8dx8fh_rkn_3w0000gn/T/chromatic--54123-L1Jfe0tzGxJf/assets/RedHatText-Italic-BLl-MYdo.woff2            27.04 kB
../../../../../../var/folders/_k/w0fct9d956v8dx8fh_rkn_3w0000gn/T/chromatic--54123-L1Jfe0tzGxJf/assets/docs---vsFbMi.png                           27.88 kB
../../../../../../var/folders/_k/w0fct9d956v8dx8fh_rkn_3w0000gn/T/chromatic--54123-L1Jfe0tzGxJf/assets/RedHatDisplay-MediumItalic-ZwmBpJRm.woff2   28.03 kB
../../../../../../var/folders/_k/w0fct9d956v8dx8fh_rkn_3w0000gn/T/chromatic--54123-L1Jfe0tzGxJf/assets/RedHatDisplay-BoldItalic-pTGisv8w.woff2     28.04 kB
../../../../../../var/folders/_k/w0fct9d956v8dx8fh_rkn_3w0000gn/T/chromatic--54123-L1Jfe0tzGxJf/assets/RedHatText-MediumItalic-B14GYUh6.woff2      28.32 kB
../../../../../../var/folders/_k/w0fct9d956v8dx8fh_rkn_3w0000gn/T/chromatic--54123-L1Jfe0tzGxJf/assets/RedHatMonoVF-C4fMH6Vz.woff2                 29.14 kB
../../../../../../var/folders/_k/w0fct9d956v8dx8fh_rkn_3w0000gn/T/chromatic--54123-L1Jfe0tzGxJf/assets/RedHatMonoVF-Italic-DGQo2ogW.woff2          32.67 kB
../../../../../../var/folders/_k/w0fct9d956v8dx8fh_rkn_3w0000gn/T/chromatic--54123-L1Jfe0tzGxJf/assets/RedHatMono-Italic-CV5TsSDj.woff2            32.70 kB
../../../../../../var/folders/_k/w0fct9d956v8dx8fh_rkn_3w0000gn/T/chromatic--54123-L1Jfe0tzGxJf/assets/RedHatTextVF-wYvZ7prR.woff2                 38.46 kB
../../../../../../var/folders/_k/w0fct9d956v8dx8fh_rkn_3w0000gn/T/chromatic--54123-L1Jfe0tzGxJf/assets/RedHatDisplayVF-CYDHf1NI.woff2              39.76 kB
../../../../../../var/folders/_k/w0fct9d956v8dx8fh_rkn_3w0000gn/T/chromatic--54123-L1Jfe0tzGxJf/assets/share-DGA-UcQf.png                          40.77 kB
../../../../../../var/folders/_k/w0fct9d956v8dx8fh_rkn_3w0000gn/T/chromatic--54123-L1Jfe0tzGxJf/assets/RedHatTextVF-Italic-Dkj_WqbA.woff2          41.17 kB
../../../../../../var/folders/_k/w0fct9d956v8dx8fh_rkn_3w0000gn/T/chromatic--54123-L1Jfe0tzGxJf/assets/RedHatDisplayVF-Italic-CRpusWc8.woff2       41.54 kB
../../../../../../var/folders/_k/w0fct9d956v8dx8fh_rkn_3w0000gn/T/chromatic--54123-L1Jfe0tzGxJf/assets/accessibility-W_h2acOZ.png                  42.34 kB
../../../../../../var/folders/_k/w0fct9d956v8dx8fh_rkn_3w0000gn/T/chromatic--54123-L1Jfe0tzGxJf/assets/figma-plugin-CH2hELiO.png                   44.25 kB
../../../../../../var/folders/_k/w0fct9d956v8dx8fh_rkn_3w0000gn/T/chromatic--54123-L1Jfe0tzGxJf/assets/theming-D6WJLNoW.png                        44.37 kB
../../../../../../var/folders/_k/w0fct9d956v8dx8fh_rkn_3w0000gn/T/chromatic--54123-L1Jfe0tzGxJf/assets/testing-cbzR9l9r.png                        49.31 kB
../../../../../../var/folders/_k/w0fct9d956v8dx8fh_rkn_3w0000gn/T/chromatic--54123-L1Jfe0tzGxJf/assets/addon-library-BWUCAmyN.png                 467.37 kB
../../../../../../var/folders/_k/w0fct9d956v8dx8fh_rkn_3w0000gn/T/chromatic--54123-L1Jfe0tzGxJf/assets/Header-BjLH3naM.css                          0.51 kB │ gzip:   0.31 kB
../../../../../../var/folders/_k/w0fct9d956v8dx8fh_rkn_3w0000gn/T/chromatic--54123-L1Jfe0tzGxJf/assets/Button-BfyGbg8N.css                          0.52 kB │ gzip:   0.29 kB
../../../../../../var/folders/_k/w0fct9d956v8dx8fh_rkn_3w0000gn/T/chromatic--54123-L1Jfe0tzGxJf/assets/Page-B9ntr4df.css                            0.93 kB │ gzip:   0.39 kB
../../../../../../var/folders/_k/w0fct9d956v8dx8fh_rkn_3w0000gn/T/chromatic--54123-L1Jfe0tzGxJf/assets/Dashboard-lgM86Xl1.css                       2.49 kB │ gzip:   0.34 kB
../../../../../../var/folders/_k/w0fct9d956v8dx8fh_rkn_3w0000gn/T/chromatic--54123-L1Jfe0tzGxJf/assets/EmptyStateFooter-Rg6_9O-0.css                6.01 kB │ gzip:   0.83 kB
../../../../../../var/folders/_k/w0fct9d956v8dx8fh_rkn_3w0000gn/T/chromatic--54123-L1Jfe0tzGxJf/assets/cubes-icon-2zjwyFD8.css                     11.01 kB │ gzip:   1.34 kB
../../../../../../var/folders/_k/w0fct9d956v8dx8fh_rkn_3w0000gn/T/chromatic--54123-L1Jfe0tzGxJf/assets/UserAvatarCompact-BNowK90k.css              14.58 kB │ gzip:   1.14 kB
../../../../../../var/folders/_k/w0fct9d956v8dx8fh_rkn_3w0000gn/T/chromatic--54123-L1Jfe0tzGxJf/assets/preview-CQ5ZxOBb.css                        32.93 kB │ gzip:   5.81 kB
../../../../../../var/folders/_k/w0fct9d956v8dx8fh_rkn_3w0000gn/T/chromatic--54123-L1Jfe0tzGxJf/assets/Button-jB26k4Qr.css                         40.39 kB │ gzip:   3.98 kB
../../../../../../var/folders/_k/w0fct9d956v8dx8fh_rkn_3w0000gn/T/chromatic--54123-L1Jfe0tzGxJf/assets/PageSection-Cl33vquy.css                    50.33 kB │ gzip:   4.71 kB
../../../../../../var/folders/_k/w0fct9d956v8dx8fh_rkn_3w0000gn/T/chromatic--54123-L1Jfe0tzGxJf/assets/AppHeader-CiLUreqS.css                      97.16 kB │ gzip:   6.77 kB
../../../../../../var/folders/_k/w0fct9d956v8dx8fh_rkn_3w0000gn/T/chromatic--54123-L1Jfe0tzGxJf/assets/avatarImg-sWfCIJK0.css                     127.95 kB │ gzip:  12.05 kB
../../../../../../var/folders/_k/w0fct9d956v8dx8fh_rkn_3w0000gn/T/chromatic--54123-L1Jfe0tzGxJf/assets/preview-B4GcaC1c.js                          0.07 kB │ gzip:   0.08 kB
../../../../../../var/folders/_k/w0fct9d956v8dx8fh_rkn_3w0000gn/T/chromatic--54123-L1Jfe0tzGxJf/assets/preview-DTvfAHLu.js                          0.11 kB │ gzip:   0.11 kB
../../../../../../var/folders/_k/w0fct9d956v8dx8fh_rkn_3w0000gn/T/chromatic--54123-L1Jfe0tzGxJf/assets/PageContext-Ts_GF-5D.js                      0.28 kB │ gzip:   0.22 kB
../../../../../../var/folders/_k/w0fct9d956v8dx8fh_rkn_3w0000gn/T/chromatic--54123-L1Jfe0tzGxJf/assets/WithTooltip-Y7J54OF7-BkA9PAVs.js             0.33 kB │ gzip:   0.20 kB
../../../../../../var/folders/_k/w0fct9d956v8dx8fh_rkn_3w0000gn/T/chromatic--54123-L1Jfe0tzGxJf/assets/syntaxhighlighter-JOJW2KGS-0nAG902k.js       0.37 kB │ gzip:   0.24 kB
../../../../../../var/folders/_k/w0fct9d956v8dx8fh_rkn_3w0000gn/T/chromatic--54123-L1Jfe0tzGxJf/assets/index-_byTH_QA.js                            0.42 kB │ gzip:   0.27 kB
../../../../../../var/folders/_k/w0fct9d956v8dx8fh_rkn_3w0000gn/T/chromatic--54123-L1Jfe0tzGxJf/assets/react-18-Bamk9FSf.js                         0.55 kB │ gzip:   0.34 kB
../../../../../../var/folders/_k/w0fct9d956v8dx8fh_rkn_3w0000gn/T/chromatic--54123-L1Jfe0tzGxJf/assets/UserAvatar.stories-Bt__HaGM.js               0.64 kB │ gzip:   0.39 kB
../../../../../../var/folders/_k/w0fct9d956v8dx8fh_rkn_3w0000gn/T/chromatic--54123-L1Jfe0tzGxJf/assets/preview-DzbRFJg_.js                          0.64 kB │ gzip:   0.44 kB
../../../../../../var/folders/_k/w0fct9d956v8dx8fh_rkn_3w0000gn/T/chromatic--54123-L1Jfe0tzGxJf/assets/UserAvatarCompact.stories-B_rnTQhh.js        0.65 kB │ gzip:   0.40 kB
../../../../../../var/folders/_k/w0fct9d956v8dx8fh_rkn_3w0000gn/T/chromatic--54123-L1Jfe0tzGxJf/assets/preview-Bi_jGxxs.js                          0.66 kB │ gzip:   0.43 kB
../../../../../../var/folders/_k/w0fct9d956v8dx8fh_rkn_3w0000gn/T/chromatic--54123-L1Jfe0tzGxJf/assets/createIcon-Dp67U8dv.js                       0.70 kB │ gzip:   0.47 kB
../../../../../../var/folders/_k/w0fct9d956v8dx8fh_rkn_3w0000gn/T/chromatic--54123-L1Jfe0tzGxJf/assets/UserAvatar-CSTylKp2.js                       0.74 kB │ gzip:   0.45 kB
../../../../../../var/folders/_k/w0fct9d956v8dx8fh_rkn_3w0000gn/T/chromatic--54123-L1Jfe0tzGxJf/assets/index-DrFu-skq.js                            0.77 kB │ gzip:   0.47 kB
../../../../../../var/folders/_k/w0fct9d956v8dx8fh_rkn_3w0000gn/T/chromatic--54123-L1Jfe0tzGxJf/assets/preview-Cv3rAi2i.js                          0.86 kB │ gzip:   0.55 kB
../../../../../../var/folders/_k/w0fct9d956v8dx8fh_rkn_3w0000gn/T/chromatic--54123-L1Jfe0tzGxJf/assets/Header.stories-BP04PZer.js                   0.89 kB │ gzip:   0.47 kB
../../../../../../var/folders/_k/w0fct9d956v8dx8fh_rkn_3w0000gn/T/chromatic--54123-L1Jfe0tzGxJf/assets/jsx-runtime-Du8NFWEI.js                      0.92 kB │ gzip:   0.58 kB
../../../../../../var/folders/_k/w0fct9d956v8dx8fh_rkn_3w0000gn/T/chromatic--54123-L1Jfe0tzGxJf/assets/preview-hM2CYK3u.js                          0.95 kB │ gzip:   0.57 kB
../../../../../../var/folders/_k/w0fct9d956v8dx8fh_rkn_3w0000gn/T/chromatic--54123-L1Jfe0tzGxJf/assets/Sink.stories-BA7qJLP2.js                     1.13 kB │ gzip:   0.67 kB
../../../../../../var/folders/_k/w0fct9d956v8dx8fh_rkn_3w0000gn/T/chromatic--54123-L1Jfe0tzGxJf/assets/EmptyStatus-ygnp1L0j.js                      1.18 kB │ gzip:   0.52 kB
../../../../../../var/folders/_k/w0fct9d956v8dx8fh_rkn_3w0000gn/T/chromatic--54123-L1Jfe0tzGxJf/assets/Button-DYBgnwO9.js                           1.23 kB │ gzip:   0.60 kB
../../../../../../var/folders/_k/w0fct9d956v8dx8fh_rkn_3w0000gn/T/chromatic--54123-L1Jfe0tzGxJf/assets/ouia-CpRPUiAC.js                             1.24 kB │ gzip:   0.65 kB
../../../../../../var/folders/_k/w0fct9d956v8dx8fh_rkn_3w0000gn/T/chromatic--54123-L1Jfe0tzGxJf/assets/entry-preview-BCYVHKO2.js                    1.26 kB │ gzip:   0.73 kB
../../../../../../var/folders/_k/w0fct9d956v8dx8fh_rkn_3w0000gn/T/chromatic--54123-L1Jfe0tzGxJf/assets/EmptyStatus.stories-UlJ3hsad.js              1.35 kB │ gzip:   0.61 kB
../../../../../../var/folders/_k/w0fct9d956v8dx8fh_rkn_3w0000gn/T/chromatic--54123-L1Jfe0tzGxJf/assets/DocsRenderer-K4EAMTCU-DXiDLDgm.js            1.35 kB │ gzip:   0.71 kB
../../../../../../var/folders/_k/w0fct9d956v8dx8fh_rkn_3w0000gn/T/chromatic--54123-L1Jfe0tzGxJf/assets/Dashboard.stories-TetgfCNv.js                1.44 kB │ gzip:   0.79 kB
../../../../../../var/folders/_k/w0fct9d956v8dx8fh_rkn_3w0000gn/T/chromatic--54123-L1Jfe0tzGxJf/assets/Header-DuhAX053.js                           1.79 kB │ gzip:   0.78 kB
../../../../../../var/folders/_k/w0fct9d956v8dx8fh_rkn_3w0000gn/T/chromatic--54123-L1Jfe0tzGxJf/assets/Button.stories-BJ_6Qmcs.js                   1.87 kB │ gzip:   0.65 kB
../../../../../../var/folders/_k/w0fct9d956v8dx8fh_rkn_3w0000gn/T/chromatic--54123-L1Jfe0tzGxJf/assets/Source.stories-XvdfZgPQ.js                   1.88 kB │ gzip:   0.91 kB
../../../../../../var/folders/_k/w0fct9d956v8dx8fh_rkn_3w0000gn/T/chromatic--54123-L1Jfe0tzGxJf/assets/cubes-icon-BqVlOCqS.js                       1.96 kB │ gzip:   0.95 kB
../../../../../../var/folders/_k/w0fct9d956v8dx8fh_rkn_3w0000gn/T/chromatic--54123-L1Jfe0tzGxJf/assets/EmptyStateFooter-BWCfZwWL.js                 2.38 kB │ gzip:   0.85 kB
../../../../../../var/folders/_k/w0fct9d956v8dx8fh_rkn_3w0000gn/T/chromatic--54123-L1Jfe0tzGxJf/assets/index-B_J8iUie.js                            2.59 kB │ gzip:   1.26 kB
../../../../../../var/folders/_k/w0fct9d956v8dx8fh_rkn_3w0000gn/T/chromatic--54123-L1Jfe0tzGxJf/assets/util-CMJttUrR.js                             2.86 kB │ gzip:   1.09 kB
../../../../../../var/folders/_k/w0fct9d956v8dx8fh_rkn_3w0000gn/T/chromatic--54123-L1Jfe0tzGxJf/assets/preview-CwqMn10d.js                          3.19 kB │ gzip:   1.37 kB
../../../../../../var/folders/_k/w0fct9d956v8dx8fh_rkn_3w0000gn/T/chromatic--54123-L1Jfe0tzGxJf/assets/preview-DbT1mggi.js                          3.52 kB │ gzip:   1.71 kB
../../../../../../var/folders/_k/w0fct9d956v8dx8fh_rkn_3w0000gn/T/chromatic--54123-L1Jfe0tzGxJf/assets/Page.stories-C1_34F4q.js                     3.59 kB │ gzip:   1.55 kB
../../../../../../var/folders/_k/w0fct9d956v8dx8fh_rkn_3w0000gn/T/chromatic--54123-L1Jfe0tzGxJf/assets/UserAvatarCompact-Dc2fXGkq.js                3.70 kB │ gzip:   1.26 kB
../../../../../../var/folders/_k/w0fct9d956v8dx8fh_rkn_3w0000gn/T/chromatic--54123-L1Jfe0tzGxJf/assets/Button-DoxbeVYM.js                           4.75 kB │ gzip:   1.85 kB
../../../../../../var/folders/_k/w0fct9d956v8dx8fh_rkn_3w0000gn/T/chromatic--54123-L1Jfe0tzGxJf/assets/PageSection-yhaD7LS-.js                      4.96 kB │ gzip:   1.67 kB
../../../../../../var/folders/_k/w0fct9d956v8dx8fh_rkn_3w0000gn/T/chromatic--54123-L1Jfe0tzGxJf/assets/iframe-CupMj_ci.js                           6.97 kB │ gzip:   2.47 kB
../../../../../../var/folders/_k/w0fct9d956v8dx8fh_rkn_3w0000gn/T/chromatic--54123-L1Jfe0tzGxJf/assets/preview-BAz7FMXc.js                          7.62 kB │ gzip:   1.56 kB
../../../../../../var/folders/_k/w0fct9d956v8dx8fh_rkn_3w0000gn/T/chromatic--54123-L1Jfe0tzGxJf/assets/index-Dl6G-zuu.js                            7.80 kB │ gzip:   3.07 kB
../../../../../../var/folders/_k/w0fct9d956v8dx8fh_rkn_3w0000gn/T/chromatic--54123-L1Jfe0tzGxJf/assets/preview-Db4Idchh.js                          8.11 kB │ gzip:   3.08 kB
../../../../../../var/folders/_k/w0fct9d956v8dx8fh_rkn_3w0000gn/T/chromatic--54123-L1Jfe0tzGxJf/assets/NotFound.stories-DosFhnL1.js                10.70 kB │ gzip:   4.44 kB
../../../../../../var/folders/_k/w0fct9d956v8dx8fh_rkn_3w0000gn/T/chromatic--54123-L1Jfe0tzGxJf/assets/Configure-SO-opCsc.js                       25.82 kB │ gzip:  10.96 kB
../../../../../../var/folders/_k/w0fct9d956v8dx8fh_rkn_3w0000gn/T/chromatic--54123-L1Jfe0tzGxJf/assets/AppHeader.stories-D0YOa2aE.js               26.01 kB │ gzip:   7.12 kB
../../../../../../var/folders/_k/w0fct9d956v8dx8fh_rkn_3w0000gn/T/chromatic--54123-L1Jfe0tzGxJf/assets/Color-RQJUDNI5-CcrdvYEl.js                  30.92 kB │ gzip:  11.57 kB
../../../../../../var/folders/_k/w0fct9d956v8dx8fh_rkn_3w0000gn/T/chromatic--54123-L1Jfe0tzGxJf/assets/avatarImg-B1qv5u1W.js                       59.52 kB │ gzip:  19.50 kB
../../../../../../var/folders/_k/w0fct9d956v8dx8fh_rkn_3w0000gn/T/chromatic--54123-L1Jfe0tzGxJf/assets/index-CXd072mJ.js                           78.60 kB │ gzip:  23.45 kB
../../../../../../var/folders/_k/w0fct9d956v8dx8fh_rkn_3w0000gn/T/chromatic--54123-L1Jfe0tzGxJf/assets/index-D1_ZHIBm.js                          134.01 kB │ gzip:  43.17 kB
../../../../../../var/folders/_k/w0fct9d956v8dx8fh_rkn_3w0000gn/T/chromatic--54123-L1Jfe0tzGxJf/assets/formatter-B5HCVTEV-BQs--jEx.js             210.74 kB │ gzip:  70.28 kB
../../../../../../var/folders/_k/w0fct9d956v8dx8fh_rkn_3w0000gn/T/chromatic--54123-L1Jfe0tzGxJf/assets/entry-preview-docs-DOd2SJIU.js             213.38 kB │ gzip:  66.30 kB
../../../../../../var/folders/_k/w0fct9d956v8dx8fh_rkn_3w0000gn/T/chromatic--54123-L1Jfe0tzGxJf/assets/index-edh_ORwe.js                          583.29 kB │ gzip: 174.33 kB
../../../../../../var/folders/_k/w0fct9d956v8dx8fh_rkn_3w0000gn/T/chromatic--54123-L1Jfe0tzGxJf/assets/index-BASH1HpE.js                          584.00 kB │ gzip: 154.84 kB
✓ built in 4.46s
info => Preview built (4.84 s)
info => Output directory: /var/folders/_k/w0fct9d956v8dx8fh_rkn_3w0000gn/T/chromatic--54123-L1Jfe0tzGxJf
Done in 7.48s.
